2023-01-05 11:59:22 - Starting C:\Users\MSistemas-03\AppData\Roaming\nvm\v17.3.1\node.exe  --harmony --max_old_space_size=4096 C:\Sistema\node_modules\node-windows\lib\wrapper.js --file C:\Sistema\index.js --scriptoptions= --log "Backend wrapper" --grow 0.25 --wait 1 --maxrestarts 3 --abortonerror n --stopparentfirst undefined
2023-01-05 11:59:22 - Started 174136
2023-01-05 12:37:33 - Stopping backend.exe
2023-01-05 12:37:33 - ProcessKill 174136
2023-01-05 12:37:33 - Shutdown exception
Message:Se está cerrando el sistema.

Stacktrace:   en System.Runtime.InteropServices.Marshal.ThrowExceptionForHRInternal(Int32 errorCode, IntPtr errorInfo)
   en System.Management.ManagementScope.InitializeGuts(Object o)
   en System.Management.ManagementScope.Initialize()
   en System.Management.ManagementObjectSearcher.Initialize()
   en System.Management.ManagementObjectSearcher.Get()
   en winsw.WrapperService.GetChildPids(Int32 pid)
   en winsw.WrapperService.StopProcessAndChildren(Int32 pid)
   en winsw.WrapperService.StopIt()
   en winsw.WrapperService.OnShutdown()
2023-01-05 12:38:05 - Starting C:\Users\MSistemas-03\AppData\Roaming\nvm\v17.3.1\node.exe  --harmony --max_old_space_size=4096 C:\Sistema\node_modules\node-windows\lib\wrapper.js --file C:\Sistema\index.js --scriptoptions= --log "Backend wrapper" --grow 0.25 --wait 1 --maxrestarts 3 --abortonerror n --stopparentfirst undefined
2023-01-05 12:38:05 - Started 5644
2023-01-06 07:15:39 - Starting C:\Users\MSistemas-03\AppData\Roaming\nvm\v17.3.1\node.exe  --harmony --max_old_space_size=4096 C:\Sistema\node_modules\node-windows\lib\wrapper.js --file C:\Sistema\index.js --scriptoptions= --log "Backend wrapper" --grow 0.25 --wait 1 --maxrestarts 3 --abortonerror n --stopparentfirst undefined
2023-01-06 07:15:39 - Started 5852
2023-01-09 07:09:45 - Starting C:\Users\MSistemas-03\AppData\Roaming\nvm\v17.3.1\node.exe  --harmony --max_old_space_size=4096 C:\Sistema\node_modules\node-windows\lib\wrapper.js --file C:\Sistema\index.js --scriptoptions= --log "Backend wrapper" --grow 0.25 --wait 1 --maxrestarts 3 --abortonerror n --stopparentfirst undefined
2023-01-09 07:09:46 - Started 5904
2023-01-09 10:25:36 - Starting C:\Users\MSistemas-03\AppData\Roaming\nvm\v17.3.1\node.exe  --harmony --max_old_space_size=4096 C:\Sistema\node_modules\node-windows\lib\wrapper.js --file C:\Sistema\index.js --scriptoptions= --log "Backend wrapper" --grow 0.25 --wait 1 --maxrestarts 3 --abortonerror n --stopparentfirst undefined
2023-01-09 10:25:36 - Started 40864
2023-01-09 10:31:20 - Stopping backend.exe
2023-01-09 10:31:20 - ProcessKill 40864
2023-01-09 10:31:20 - Found child process: 24016 Name: conhost.exe
2023-01-09 10:31:20 - Found child process: 20632 Name: node.exe
2023-01-09 10:31:20 - Stopping process 24016
2023-01-09 10:31:20 - Send SIGINT 24016
2023-01-09 10:31:20 - SIGINT to 24016 failed - Killing as fallback
2023-01-09 10:31:20 - Stopping process 20632
2023-01-09 10:31:20 - Send SIGINT 20632
2023-01-09 10:31:20 - SIGINT to 20632 failed - Killing as fallback
2023-01-09 10:31:20 - Stopping process 40864
2023-01-09 10:31:20 - Send SIGINT 40864
2023-01-09 10:31:20 - SIGINT to 40864 failed - Killing as fallback
2023-01-09 10:31:20 - Finished backend.exe
2023-01-09 10:31:21 - Starting C:\Users\MSistemas-03\AppData\Roaming\nvm\v17.3.1\node.exe  --harmony --max_old_space_size=4096 C:\Sistema\node_modules\node-windows\lib\wrapper.js --file C:\Sistema\index.js --scriptoptions= --log "Backend wrapper" --grow 0.25 --wait 1 --maxrestarts 3 --abortonerror n --stopparentfirst undefined
2023-01-09 10:31:21 - Started 33848
2023-01-09 10:33:34 - Stopping backend.exe
2023-01-09 10:33:34 - ProcessKill 33848
2023-01-09 10:33:34 - Found child process: 38616 Name: conhost.exe
2023-01-09 10:33:34 - Found child process: 42872 Name: node.exe
2023-01-09 10:33:35 - Stopping process 38616
2023-01-09 10:33:35 - Send SIGINT 38616
2023-01-09 10:33:35 - SIGINT to 38616 failed - Killing as fallback
2023-01-09 10:33:35 - Stopping process 42872
2023-01-09 10:33:35 - Send SIGINT 42872
2023-01-09 10:33:35 - SIGINT to 42872 failed - Killing as fallback
2023-01-09 10:33:35 - Stopping process 33848
2023-01-09 10:33:35 - Send SIGINT 33848
2023-01-09 10:33:35 - SIGINT to 33848 failed - Killing as fallback
2023-01-09 10:33:35 - Finished backend.exe
2023-01-09 10:39:30 - Starting C:\Users\MSistemas-03\AppData\Roaming\nvm\v17.3.1\node.exe  --harmony --max_old_space_size=4096 C:\Sistema\node_modules\node-windows\lib\wrapper.js --file C:\Sistema\index.js --scriptoptions= --log "Backend wrapper" --grow 0.25 --wait 1 --maxrestarts 3 --abortonerror n --stopparentfirst undefined
2023-01-09 10:39:30 - Started 45240
2023-01-09 12:09:26 - Stopping backend.exe
2023-01-09 12:09:26 - ProcessKill 45240
2023-01-09 12:09:26 - Shutdown exception
Message:Se está cerrando el sistema.

Stacktrace:   en System.Runtime.InteropServices.Marshal.ThrowExceptionForHRInternal(Int32 errorCode, IntPtr errorInfo)
   en System.Management.ManagementScope.InitializeGuts(Object o)
   en System.Management.ManagementScope.Initialize()
   en System.Management.ManagementObjectSearcher.Initialize()
   en System.Management.ManagementObjectSearcher.Get()
   en winsw.WrapperService.GetChildPids(Int32 pid)
   en winsw.WrapperService.StopProcessAndChildren(Int32 pid)
   en winsw.WrapperService.StopIt()
   en winsw.WrapperService.OnShutdown()
2023-01-09 12:09:52 - Starting C:\Users\MSistemas-03\AppData\Roaming\nvm\v17.3.1\node.exe  --harmony --max_old_space_size=4096 C:\Sistema\node_modules\node-windows\lib\wrapper.js --file C:\Sistema\index.js --scriptoptions= --log "Backend wrapper" --grow 0.25 --wait 1 --maxrestarts 3 --abortonerror n --stopparentfirst undefined
2023-01-09 12:09:52 - Started 5744
2023-01-11 00:16:29 - Starting C:\Users\MSistemas-03\AppData\Roaming\nvm\v17.3.1\node.exe  --harmony --max_old_space_size=4096 C:\Sistema\node_modules\node-windows\lib\wrapper.js --file C:\Sistema\index.js --scriptoptions= --log "Backend wrapper" --grow 0.25 --wait 1 --maxrestarts 3 --abortonerror n --stopparentfirst undefined
2023-01-11 00:16:29 - Started 5664
2023-01-16 12:07:27 - Starting C:\Users\MSistemas-03\AppData\Roaming\nvm\v17.3.1\node.exe  --harmony --max_old_space_size=4096 C:\Sistema\node_modules\node-windows\lib\wrapper.js --file C:\Sistema\index.js --scriptoptions= --log "Backend wrapper" --grow 0.25 --wait 1 --maxrestarts 3 --abortonerror n --stopparentfirst undefined
2023-01-16 12:07:28 - Started 14012
2023-01-16 12:47:28 - Starting C:\Users\MSistemas-03\AppData\Roaming\nvm\v17.3.1\node.exe  --harmony --max_old_space_size=4096 C:\Sistema\node_modules\node-windows\lib\wrapper.js --file C:\Sistema\index.js --scriptoptions= --log "Backend wrapper" --grow 0.25 --wait 1 --maxrestarts 3 --abortonerror n --stopparentfirst undefined
2023-01-16 12:47:28 - Started 5748
2023-01-17 11:29:19 - Starting C:\Users\MSistemas-03\AppData\Roaming\nvm\v17.3.1\node.exe  --harmony --max_old_space_size=4096 C:\Sistema\node_modules\node-windows\lib\wrapper.js --file C:\Sistema\index.js --scriptoptions= --log "Backend wrapper" --grow 0.25 --wait 1 --maxrestarts 3 --abortonerror n --stopparentfirst undefined
2023-01-17 11:29:19 - Started 5836
2023-01-20 11:07:22 - Starting C:\Users\MSistemas-03\AppData\Roaming\nvm\v17.3.1\node.exe  --harmony --max_old_space_size=4096 C:\Sistema\node_modules\node-windows\lib\wrapper.js --file C:\Sistema\index.js --scriptoptions= --log "Backend wrapper" --grow 0.25 --wait 1 --maxrestarts 3 --abortonerror n --stopparentfirst undefined
2023-01-20 11:07:23 - Started 5904
2023-01-23 12:16:12 - Starting C:\Users\MSistemas-03\AppData\Roaming\nvm\v17.3.1\node.exe  --harmony --max_old_space_size=4096 C:\Sistema\node_modules\node-windows\lib\wrapper.js --file C:\Sistema\index.js --scriptoptions= --log "Backend wrapper" --grow 0.25 --wait 1 --maxrestarts 3 --abortonerror n --stopparentfirst undefined
2023-01-23 12:16:12 - Started 5908
2023-01-30 12:25:35 - Starting C:\Users\MSistemas-03\AppData\Roaming\nvm\v17.3.1\node.exe  --harmony --max_old_space_size=4096 C:\Sistema\node_modules\node-windows\lib\wrapper.js --file C:\Sistema\index.js --scriptoptions= --log "Backend wrapper" --grow 0.25 --wait 1 --maxrestarts 3 --abortonerror n --stopparentfirst undefined
2023-01-30 12:25:35 - Started 15488
2023-01-30 12:43:46 - Stopping backend.exe
2023-01-30 12:43:46 - ProcessKill 15488
2023-01-30 12:43:47 - Found child process: 6964 Name: conhost.exe
2023-01-30 12:43:47 - Found child process: 4580 Name: node.exe
2023-01-30 12:43:47 - Stopping process 6964
2023-01-30 12:43:47 - Send SIGINT 6964
2023-01-30 12:43:47 - SIGINT to 6964 failed - Killing as fallback
2023-01-30 12:43:47 - Stopping process 4580
2023-01-30 12:43:47 - Send SIGINT 4580
2023-01-30 12:43:47 - SIGINT to 4580 failed - Killing as fallback
2023-01-30 12:43:47 - Stopping process 15488
2023-01-30 12:43:47 - Send SIGINT 15488
2023-01-30 12:43:47 - SIGINT to 15488 failed - Killing as fallback
2023-01-30 12:43:47 - Finished backend.exe
2023-01-31 07:14:13 - Starting C:\Users\MSistemas-03\AppData\Roaming\nvm\v17.3.1\node.exe  --harmony --max_old_space_size=4096 C:\Sistema\node_modules\node-windows\lib\wrapper.js --file C:\Sistema\index.js --scriptoptions= --log "Backend wrapper" --grow 0.25 --wait 1 --maxrestarts 3 --abortonerror n --stopparentfirst undefined
2023-01-31 07:14:13 - Started 133136
2023-01-31 07:27:53 - Stopping backend.exe
2023-01-31 07:27:53 - ProcessKill 133136
2023-01-31 07:27:55 - Found child process: 134048 Name: conhost.exe
2023-01-31 07:27:55 - Found child process: 138632 Name: node.exe
2023-01-31 07:27:55 - Stopping process 134048
2023-01-31 07:27:55 - Send SIGINT 134048
2023-01-31 07:27:55 - SIGINT to 134048 failed - Killing as fallback
2023-01-31 07:27:55 - Stopping process 138632
2023-01-31 07:27:55 - Send SIGINT 138632
2023-01-31 07:27:55 - SIGINT to 138632 failed - Killing as fallback
2023-01-31 07:27:55 - Stopping process 133136
2023-01-31 07:27:55 - Send SIGINT 133136
2023-01-31 07:27:55 - SIGINT to 133136 failed - Killing as fallback
2023-01-31 07:27:55 - Finished backend.exe
2023-01-31 08:09:19 - Starting C:\Users\MSistemas-03\AppData\Roaming\nvm\v17.3.1\node.exe  --harmony --max_old_space_size=4096 C:\Sistema\node_modules\node-windows\lib\wrapper.js --file C:\Sistema\index.js --scriptoptions= --log "Backend wrapper" --grow 0.25 --wait 1 --maxrestarts 3 --abortonerror n --stopparentfirst undefined
2023-01-31 08:09:19 - Started 46344
2023-02-01 09:34:23 - Starting C:\Users\MSistemas-03\AppData\Roaming\nvm\v17.3.1\node.exe  --harmony --max_old_space_size=4096 C:\Sistema\node_modules\node-windows\lib\wrapper.js --file C:\Sistema\index.js --scriptoptions= --log "Backend wrapper" --grow 0.25 --wait 1 --maxrestarts 3 --abortonerror n --stopparentfirst undefined
2023-02-01 09:34:23 - Started 122408
2023-02-03 08:41:28 - Stopping backend.exe
2023-02-03 08:41:28 - ProcessKill 122408
2023-02-03 08:41:29 - Found child process: 8520 Name: conhost.exe
2023-02-03 08:41:29 - Found child process: 120444 Name: node.exe
2023-02-03 08:41:29 - Stopping process 8520
2023-02-03 08:41:29 - Send SIGINT 8520
2023-02-03 08:41:29 - SIGINT to 8520 failed - Killing as fallback
2023-02-03 08:41:29 - Stopping process 120444
2023-02-03 08:41:29 - Send SIGINT 120444
2023-02-03 08:41:29 - SIGINT to 120444 failed - Killing as fallback
2023-02-03 08:41:29 - Stopping process 122408
2023-02-03 08:41:29 - Send SIGINT 122408
2023-02-03 08:41:29 - SIGINT to 122408 failed - Killing as fallback
2023-02-03 08:41:29 - Finished backend.exe
2023-02-03 08:41:30 - Starting C:\Users\MSistemas-03\AppData\Roaming\nvm\v17.3.1\node.exe  --harmony --max_old_space_size=4096 C:\Sistema\node_modules\node-windows\lib\wrapper.js --file C:\Sistema\index.js --scriptoptions= --log "Backend wrapper" --grow 0.25 --wait 1 --maxrestarts 3 --abortonerror n --stopparentfirst undefined
2023-02-03 08:41:30 - Started 43980
2023-02-03 10:37:13 - Stopping backend.exe
2023-02-03 10:37:13 - ProcessKill 43980
2023-02-03 10:37:14 - Found child process: 99012 Name: conhost.exe
2023-02-03 10:37:14 - Found child process: 101972 Name: node.exe
2023-02-03 10:37:14 - Stopping process 99012
2023-02-03 10:37:14 - Send SIGINT 99012
2023-02-03 10:37:14 - SIGINT to 99012 failed - Killing as fallback
2023-02-03 10:37:14 - Stopping process 101972
2023-02-03 10:37:14 - Send SIGINT 101972
2023-02-03 10:37:14 - SIGINT to 101972 failed - Killing as fallback
2023-02-03 10:37:14 - Stopping process 43980
2023-02-03 10:37:14 - Send SIGINT 43980
2023-02-03 10:37:14 - SIGINT to 43980 failed - Killing as fallback
2023-02-03 10:37:14 - Finished backend.exe
2023-02-03 10:37:15 - Starting C:\Users\MSistemas-03\AppData\Roaming\nvm\v17.3.1\node.exe  --harmony --max_old_space_size=4096 C:\Sistema\node_modules\node-windows\lib\wrapper.js --file C:\Sistema\index.js --scriptoptions= --log "Backend wrapper" --grow 0.25 --wait 1 --maxrestarts 3 --abortonerror n --stopparentfirst undefined
2023-02-03 10:37:15 - Started 68616
2023-02-03 10:37:53 - Starting C:\Users\MSistemas-03\AppData\Roaming\nvm\v17.3.1\node.exe  --harmony --max_old_space_size=4096 C:\Sistema\node_modules\node-windows\lib\wrapper.js --file C:\Sistema\index.js --scriptoptions= --log "Backend wrapper" --grow 0.25 --wait 1 --maxrestarts 3 --abortonerror n --stopparentfirst undefined
2023-02-03 10:37:53 - Started 119512
2023-02-03 10:39:04 - Starting C:\Users\MSistemas-03\AppData\Roaming\nvm\v17.3.1\node.exe  --harmony --max_old_space_size=4096 C:\Sistema\node_modules\node-windows\lib\wrapper.js --file C:\Sistema\index.js --scriptoptions= --log "Backend wrapper" --grow 0.25 --wait 1 --maxrestarts 3 --abortonerror n --stopparentfirst undefined
2023-02-03 10:39:05 - Started 123740
2023-02-03 10:49:00 - Stopping backend.exe
2023-02-03 10:49:00 - ProcessKill 123740
2023-02-03 10:49:00 - Found child process: 31556 Name: conhost.exe
2023-02-03 10:49:00 - Found child process: 130776 Name: node.exe
2023-02-03 10:49:00 - Stopping process 31556
2023-02-03 10:49:00 - Send SIGINT 31556
2023-02-03 10:49:00 - SIGINT to 31556 failed - Killing as fallback
2023-02-03 10:49:00 - Stopping process 130776
2023-02-03 10:49:00 - Send SIGINT 130776
2023-02-03 10:49:00 - SIGINT to 130776 failed - Killing as fallback
2023-02-03 10:49:00 - Stopping process 123740
2023-02-03 10:49:00 - Send SIGINT 123740
2023-02-03 10:49:00 - SIGINT to 123740 failed - Killing as fallback
2023-02-03 10:49:00 - Finished backend.exe
